<?xml version="1.0" encoding="UTF-8"?>
<!-- Generated by org.testng.reporters.JUnitReportReporter -->
<testsuite hostname="Nihar" failures="0" tests="2" name="differentWaysToPostRequestBody.Students" time="2.475" errors="0" timestamp="2023-12-18T13:34:10 IST" skipped="0">
  <testcase classname="differentWaysToPostRequestBody.Students" name="testPostUsingExternalJsonFile" time="2.412"/>
  <testcase classname="differentWaysToPostRequestBody.Students" name="testDelete" time="0.063"/>
</testsuite> <!-- differentWaysToPostRequestBody.Students -->
