<?xml version="1.0" encoding="UTF-8"?>
<!-- Generated by org.testng.reporters.JUnitReportReporter -->
<testsuite hostname="Nihar" failures="0" tests="2" name="differentWaysToPostRequestBody.Students" time="2.536" errors="0" timestamp="2023-12-17T01:09:42 IST" skipped="0">
  <testcase classname="differentWaysToPostRequestBody.Students" name="testPostUsingHashMap" time="2.476"/>
  <testcase classname="differentWaysToPostRequestBody.Students" name="testDelete" time="0.060"/>
</testsuite> <!-- differentWaysToPostRequestBody.Students -->
