<?xml version="1.0" encoding="UTF-8"?>
<!-- Generated by org.testng.reporters.JUnitReportReporter -->
<testsuite hostname="Nihar" failures="0" tests="1" name="reqRes.testPathAndQueryParameters" time="2.066" errors="0" timestamp="2023-12-18T15:54:56 IST" skipped="0">
  <testcase classname="reqRes.testPathAndQueryParameters" name="testGetUser" time="2.066"/>
</testsuite> <!-- reqRes.testPathAndQueryParameters -->
