<?xml version="1.0" encoding="UTF-8"?>
<!-- Generated by org.testng.reporters.JUnitReportReporter -->
<testsuite hostname="Nihar" failures="0" tests="4" name="reqRes.HttpRequests" time="5.105" errors="0" timestamp="2023-12-16T17:07:17 IST" skipped="0">
  <testcase classname="reqRes.HttpRequests" name="getUsers" time="3.033"/>
  <testcase classname="reqRes.HttpRequests" name="createUser" time="0.962"/>
  <testcase classname="reqRes.HttpRequests" name="upDateUser" time="0.698"/>
  <testcase classname="reqRes.HttpRequests" name="deleteUser" time="0.412"/>
</testsuite> <!-- reqRes.HttpRequests -->
