<?xml version="1.0" encoding="UTF-8"?>
<!-- Generated by org.testng.reporters.JUnitReportReporter -->
<testsuite hostname="Nihar" failures="0" tests="1" name="cookies.CookiesDemo" time="2.293" errors="0" timestamp="2023-12-18T17:28:31 IST" skipped="0">
  <testcase classname="cookies.CookiesDemo" name="getCookiesInfo" time="2.293"/>
</testsuite> <!-- cookies.CookiesDemo -->
