<?xml version="1.0" encoding="UTF-8"?>
<!-- Generated by org.testng.reporters.JUnitReportReporter -->
<testsuite hostname="Nihar" failures="0" tests="1" name="validateJSON.ParsingJSONResponseData" time="1.283" errors="0" timestamp="2023-12-19T20:19:35 IST" skipped="0">
  <testcase classname="validateJSON.ParsingJSONResponseData" name="testJsonResponseBodyData" time="1.283"/>
</testsuite> <!-- validateJSON.ParsingJSONResponseData -->
