<?xml version="1.0" encoding="UTF-8"?>
<!-- Generated by org.testng.reporters.JUnitReportReporter -->
<testsuite hostname="Nihar" failures="0" tests="1" name="headers.Headers" time="1.641" errors="0" timestamp="2023-12-19T10:05:05 IST" skipped="0">
  <testcase classname="headers.Headers" name="testHeader" time="1.641"/>
</testsuite> <!-- headers.Headers -->
