<?xml version="1.0" encoding="UTF-8"?>
<!-- Generated by org.testng.reporters.JUnitReportReporter -->
<testsuite hostname="Nihar" failures="0" tests="3" name="zenler.Users" time="5.441" errors="0" timestamp="2023-12-18T01:00:36 IST" skipped="0">
  <testcase classname="zenler.Users" name="createUser" time="3.728"/>
  <testcase classname="zenler.Users" name="getUser" time="0.833"/>
  <testcase classname="zenler.Users" name="deleteUser" time="0.880"/>
</testsuite> <!-- zenler.Users -->
