<?xml version="1.0" encoding="UTF-8"?>
<!-- Generated by org.testng.reporters.JUnitReportReporter -->
<testsuite hostname="Nihar" failures="0" tests="1" name="headers.HeadersValidation" time="1.539" errors="0" timestamp="2023-12-19T10:17:15 IST" skipped="0">
  <testcase classname="headers.HeadersValidation" name="testHeaders" time="1.539"/>
</testsuite> <!-- headers.HeadersValidation -->
